[2018-01-10 19:47:45] START
[2018-01-10 19:49:27] CREATE db_user.py: 0
[2018-01-10 19:50:40] EDIT 5CHAN/models/db_user.py: 9
[2018-01-10 19:50:50] EDIT 5CHAN/models/db_user.py: 0
[2018-01-10 19:55:31] EDIT 5CHAN/models/db_user.py: 0
[2018-01-10 19:57:00] EDIT 5CHAN/models/db_user.py: 0
[2018-01-10 19:58:38] DELETE 5CHAN/models/db_user.py: -9
[2018-01-10 20:00:18] CREATE db_forum.py: 0
[2018-01-10 20:15:53] EDIT 5CHAN/models/db_forum.py: 6
[2018-01-10 20:23:48] EDIT 5CHAN/models/db_forum.py: 6
[2018-01-10 20:24:04] EDIT 5CHAN/models/db_forum.py: 0
[2018-01-10 20:24:13] EDIT 5CHAN/models/db_forum.py: 0
[2018-01-10 20:25:31] EDIT 5CHAN/models/db_forum.py: 0
[2018-01-10 20:26:06] EDIT 5CHAN/models/db_forum.py: 0
[2018-01-10 20:26:47] EDIT 5CHAN/models/db_forum.py: 0
[2018-01-10 20:26:51] EDIT 5CHAN/models/db_forum.py: 0
[2018-01-10 20:27:09] EDIT 5CHAN/models/db_forum.py: 0
[2018-01-10 20:27:19] EDIT 5CHAN/models/db_forum.py: 0
[2018-01-10 20:38:59] EDIT 5CHAN/controllers/default.py: 0
[2018-01-10 20:42:53] EDIT 5CHAN/controllers/default.py: -1
[2018-01-10 20:42:54] EDIT 5CHAN/controllers/default.py: 0
[2018-01-10 20:43:12] EDIT 5CHAN/controllers/default.py: 1
[2018-01-10 20:43:19] EDIT 5CHAN/controllers/default.py: -1
[2018-01-10 20:45:14] EDIT 5CHAN/controllers/default.py: 0
[2018-01-10 20:45:15] EDIT 5CHAN/controllers/default.py: 0
[2018-01-10 20:54:53] EDIT 5CHAN/views/default/index.html: -1
[2018-01-10 20:54:56] EDIT 5CHAN/views/default/index.html: 1
[2018-01-10 20:55:23] EDIT 5CHAN/views/default/index.html: -1
[2018-01-10 20:55:42] EDIT 5CHAN/views/default/index.html: 1
[2018-01-10 20:55:55] EDIT 5CHAN/views/default/index.html: 0
[2018-01-10 20:55:59] EDIT 5CHAN/views/default/index.html: 0
[2018-01-10 20:56:51] EDIT 5CHAN/views/default/index.html: 0
[2018-01-10 20:58:10] EDIT 5CHAN/views/default/index.html: -2
[2018-01-10 20:58:15] EDIT 5CHAN/views/default/index.html: 0
[2018-01-10 20:59:00] EDIT 5CHAN/views/default/index.html: 2
[2018-01-10 20:59:20] EDIT 5CHAN/controllers/default.py: 0
[2018-01-10 21:01:07] EDIT 5CHAN/views/default/index.html: -17
[2018-01-10 21:01:27] EDIT 5CHAN/views/default/index.html: -10
[2018-01-10 21:12:54] EDIT 5CHAN/models/db_forum.py: 8
[2018-01-10 21:13:05] EDIT 5CHAN/models/db_forum.py: 0
[2018-01-10 21:13:21] EDIT 5CHAN/models/db_forum.py: 0
[2018-01-10 21:13:25] EDIT 5CHAN/models/db_forum.py: 0
[2018-01-10 21:14:23] CREATE db_table.py: 0
[2018-01-10 21:14:26] EDIT 5CHAN/models/db_table.py: 7
[2018-01-10 21:14:53] EDIT 5CHAN/models/db_forum.py: -7
[2018-01-10 21:15:20] EDIT 5CHAN/models/db_forum.py: 0
[2018-01-10 21:15:48] EDIT 5CHAN/models/db_forum.py: 7
[2018-01-10 21:16:07] EDIT 5CHAN/models/db_forum.py: 0
[2018-01-10 21:17:48] EDIT 5CHAN/models/db_forum.py: 1
[2018-01-10 21:17:56] EDIT 5CHAN/models/db_forum.py: 1
[2018-01-10 21:17:58] EDIT 5CHAN/models/db_forum.py: 0
[2018-01-10 21:18:09] EDIT 5CHAN/models/db_forum.py: 0
[2018-01-10 21:18:26] EDIT 5CHAN/models/db_forum.py: 1
[2018-01-10 21:18:38] EDIT 5CHAN/models/db_forum.py: 0
[2018-01-10 21:19:25] EDIT 5CHAN/models/db_forum.py: -1
[2018-01-10 21:19:40] EDIT 5CHAN/models/db_forum.py: 0
[2018-01-10 21:20:08] EDIT 5CHAN/models/db_forum.py: 0
[2018-01-10 21:20:13] EDIT 5CHAN/models/db_forum.py: 0
[2018-01-10 21:21:46] DELETE 5CHAN/models/db_table.py: -7
[2018-01-11 08:16:16] EDIT 5CHAN/views/default/index.html: -1
[2018-01-11 08:18:21] EDIT 5CHAN/controllers/default.py: 2
[2018-01-11 08:19:36] EDIT 5CHAN/controllers/default.py: 0
[2018-01-11 08:20:14] EDIT 5CHAN/controllers/default.py: 1
[2018-01-11 08:22:38] EDIT 5CHAN/controllers/default.py: 2
[2018-01-11 08:25:33] EDIT 5CHAN/controllers/default.py: 1
[2018-01-11 08:26:37] EDIT 5CHAN/controllers/default.py: 1
[2018-01-11 08:26:45] EDIT 5CHAN/controllers/default.py: 0
[2018-01-11 08:26:56] EDIT 5CHAN/controllers/default.py: 0
[2018-01-11 08:27:09] EDIT 5CHAN/controllers/default.py: 0
[2018-01-11 08:30:02] EDIT 5CHAN/models/db_forum.py: 0
[2018-01-11 08:31:15] CREATE create_user.html: 0
[2018-01-11 08:31:42] EDIT 5CHAN/views/create_user.html: 0
[2018-01-11 08:32:01] EDIT 5CHAN/views/create_user.html: 0
[2018-01-11 08:32:07] EDIT 5CHAN/views/create_user.html: -1
[2018-01-11 08:33:29] CREATE default/create_user.html: 0
[2018-01-11 08:33:44] EDIT 5CHAN/views/default/create_user.html: -1
[2018-01-11 08:34:02] EDIT 5CHAN/views/default/create_user.html: 1
[2018-01-11 08:37:27] EDIT 5CHAN/views/layout.html: -49
[2018-01-11 08:38:01] EDIT 5CHAN/views/layout.html: 0
[2018-01-11 08:38:28] EDIT 5CHAN/views/layout.html: 0
[2018-01-11 08:40:55] EDIT 5CHAN/controllers/default.py: 1
[2018-01-11 08:41:05] EDIT 5CHAN/controllers/default.py: 0
[2018-01-11 08:41:19] EDIT 5CHAN/controllers/default.py: 0
[2018-01-11 08:41:26] EDIT 5CHAN/controllers/default.py: 0
[2018-01-11 08:41:53] EDIT 5CHAN/views/layout.html: -1
[2018-01-11 08:42:11] EDIT 5CHAN/views/default/create_user.html: 0
[2018-01-11 08:42:53] EDIT 5CHAN/controllers/default.py: 0
[2018-01-11 08:42:57] EDIT 5CHAN/controllers/default.py: 0
[2018-01-11 08:43:16] CREATE default/show_threads.html: 0
[2018-01-11 08:44:13] EDIT 5CHAN/controllers/default.py: 1
[2018-01-11 08:44:44] EDIT 5CHAN/controllers/default.py: 0
[2018-01-11 08:45:58] EDIT 5CHAN/views/default/show_threads.html: 1
[2018-01-11 08:46:16] EDIT 5CHAN/controllers/default.py: 2
[2018-01-11 08:46:33] CREATE default/create_thread.html: 0
[2018-01-11 08:47:00] EDIT 5CHAN/views/default/create_thread.html: 0
[2018-01-11 08:47:30] EDIT 5CHAN/controllers/default.py: 4
[2018-01-11 08:47:39] EDIT 5CHAN/controllers/default.py: 0
[2018-01-11 08:55:27] EDIT 5CHAN/controllers/default.py: 0
[2018-01-11 08:59:43] EDIT 5CHAN/controllers/default.py: 0
[2018-01-11 09:00:40] EDIT 5CHAN/controllers/default.py: 0
[2018-01-11 09:09:58] EDIT 5CHAN/controllers/default.py: 1
[2018-01-11 09:10:00] EDIT 5CHAN/controllers/default.py: 0
[2018-01-11 09:10:01] EDIT 5CHAN/controllers/default.py: 0
[2018-01-11 09:10:09] EDIT 5CHAN/controllers/default.py: 0
[2018-01-11 09:10:17] EDIT 5CHAN/controllers/default.py: 0
[2018-01-11 09:10:44] EDIT 5CHAN/views/default/create_thread.html: 1
[2018-01-11 09:11:21] EDIT 5CHAN/views/default/create_thread.html: 0
[2018-01-11 09:11:28] EDIT 5CHAN/controllers/default.py: 0
[2018-01-11 09:12:32] EDIT 5CHAN/controllers/default.py: 1
[2018-01-11 09:12:51] EDIT 5CHAN/controllers/default.py: 0
[2018-01-11 09:13:54] EDIT 5CHAN/controllers/default.py: 1
[2018-01-11 09:14:54] EDIT 5CHAN/controllers/default.py: 0
[2018-01-11 09:16:46] EDIT 5CHAN/controllers/default.py: 0
[2018-01-11 09:17:24] EDIT 5CHAN/controllers/default.py: 0
[2018-01-11 09:24:31] EDIT 5CHAN/controllers/default.py: -2
[2018-01-11 09:25:02] EDIT 5CHAN/controllers/default.py: 1
[2018-01-11 18:18:28] EDIT 5CHAN/models/db_forum.py: -7
[2018-01-11 18:19:51] DELETE 5CHAN/views/default/create_user.html: -3
[2018-01-11 18:20:39] EDIT 5CHAN/controllers/default.py: -8
[2018-01-11 18:21:20] EDIT 5CHAN/models/db_forum.py: 0
[2018-01-11 18:21:26] EDIT 5CHAN/models/db_forum.py: -2
[2018-01-11 18:22:05] EDIT 5CHAN/views/default/index.html: -4
[2018-01-11 18:22:25] EDIT 5CHAN/views/default/index.html: 2
[2018-01-11 18:22:49] EDIT 5CHAN/views/default/index.html: -1
[2018-01-11 18:23:08] EDIT 5CHAN/views/default/index.html: 0
[2018-01-11 18:23:26] EDIT 5CHAN/views/default/index.html: 1
[2018-01-11 18:23:37] EDIT 5CHAN/controllers/default.py: 0
[2018-01-11 18:23:53] EDIT 5CHAN/controllers/default.py: -1
[2018-01-11 18:24:06] EDIT 5CHAN/controllers/default.py: 0
[2018-01-11 18:24:14] EDIT 5CHAN/controllers/default.py: -4
[2018-01-11 18:24:40] DELETE 5CHAN/views/default/create_thread.html: -4
[2018-01-11 18:24:56] DELETE 5CHAN/views/default/show_threads.html: -4
[2018-01-11 18:25:26] EDIT 5CHAN/models/db_forum.py: 0
[2018-01-11 18:25:31] EDIT 5CHAN/models/db_forum.py: 0
[2018-01-11 18:25:56] EDIT 5CHAN/models/db_forum.py: 0
[2018-01-11 18:26:22] EDIT 5CHAN/models/db_forum.py: 0
[2018-01-11 18:27:12] EDIT 5CHAN/views/default/index.html: 0
[2018-01-11 18:27:39] EDIT 5CHAN/controllers/default.py: 0
[2018-01-11 18:28:37] EDIT 5CHAN/models/db_forum.py: 1
[2018-01-11 18:28:40] EDIT 5CHAN/models/db_forum.py: -1
[2018-01-11 18:28:56] EDIT 5CHAN/models/db_forum.py: 0
[2018-01-11 18:29:05] EDIT 5CHAN/models/db_forum.py: 0
[2018-01-11 18:29:08] EDIT 5CHAN/models/db_forum.py: 0
[2018-01-11 18:29:53] EDIT 5CHAN/controllers/default.py: 0
[2018-01-11 18:33:25] EDIT 5CHAN/controllers/default.py: 1
[2018-01-11 18:34:37] EDIT 5CHAN/controllers/default.py: 0
[2018-01-11 18:35:08] EDIT 5CHAN/controllers/default.py: 0
[2018-01-11 18:36:44] EDIT 5CHAN/controllers/default.py: 0
[2018-01-11 18:37:02] EDIT 5CHAN/controllers/default.py: 0
[2018-01-11 18:37:35] EDIT 5CHAN/controllers/default.py: 0
[2018-01-11 18:38:39] EDIT 5CHAN/controllers/default.py: 1
[2018-01-11 20:19:12] EDIT 5CHAN/controllers/default.py: 2
[2018-01-11 20:28:11] EDIT 5CHAN/controllers/default.py: 0
[2018-01-11 20:28:12] EDIT 5CHAN/controllers/default.py: 0
[2018-01-11 20:28:12] EDIT 5CHAN/controllers/default.py: 0
[2018-01-11 20:28:13] EDIT 5CHAN/controllers/default.py: 0
[2018-01-11 20:28:15] EDIT 5CHAN/controllers/default.py: 0
[2018-01-11 20:28:34] CREATE default/hello_world.html: 0
[2018-01-11 20:29:14] EDIT 5CHAN/views/default/hello_world.html: -1
[2018-01-11 20:29:44] EDIT 5CHAN/views/default/hello_world.html: 0
[2018-01-11 23:15:22] EDIT 5CHAN/models/db_forum.py: -1
[2018-01-11 23:15:38] EDIT 5CHAN/models/db_forum.py: 0
[2018-01-11 23:15:51] EDIT 5CHAN/models/db_forum.py: 1
[2018-01-12 10:07:46] EDIT 5CHAN/controllers/default.py: 1
[2018-01-12 10:08:00] EDIT 5CHAN/views/default/index.html: 1
[2018-01-12 10:08:55] EDIT 5CHAN/controllers/default.py: 0
[2018-01-12 10:10:03] EDIT 5CHAN/controllers/default.py: 0
[2018-01-12 10:11:24] EDIT 5CHAN/views/default/index.html: 2
[2018-01-12 10:12:23] EDIT 5CHAN/views/default/index.html: 0
[2018-01-12 10:15:48] EDIT 5CHAN/views/default/index.html: 4
[2018-01-12 10:16:46] EDIT 5CHAN/views/default/index.html: 2
[2018-01-12 10:17:09] EDIT 5CHAN/views/default/index.html: -2
[2018-01-12 10:18:55] EDIT 5CHAN/views/default/index.html: 2
[2018-01-12 10:19:00] EDIT 5CHAN/views/default/index.html: 0
[2018-01-12 10:21:59] EDIT 5CHAN/views/default/index.html: 3
[2018-01-12 10:22:58] EDIT 5CHAN/controllers/default.py: 2
[2018-01-12 10:23:21] CREATE default/create_post.html: 0
[2018-01-12 10:25:22] EDIT 5CHAN/views/default/index.html: 0
[2018-01-12 10:25:36] EDIT 5CHAN/controllers/default.py: 1
[2018-01-12 10:26:30] EDIT 5CHAN/views/default/index.html: 0
[2018-01-12 10:26:47] EDIT 5CHAN/views/default/index.html: 0
[2018-01-12 10:27:03] EDIT 5CHAN/controllers/default.py: 0
[2018-01-12 10:27:04] EDIT 5CHAN/controllers/default.py: 0
[2018-01-12 10:27:04] EDIT 5CHAN/controllers/default.py: 0
[2018-01-12 10:27:04] EDIT 5CHAN/controllers/default.py: 0
[2018-01-12 10:27:09] EDIT 5CHAN/controllers/default.py: 0
[2018-01-12 10:28:04] EDIT 5CHAN/views/default/index.html: 0
[2018-01-12 10:29:03] EDIT 5CHAN/views/default/create_post.html: 0
[2018-01-12 10:29:31] EDIT 5CHAN/controllers/default.py: 1
[2018-01-12 10:30:36] EDIT 5CHAN/controllers/default.py: 1
[2018-01-12 10:30:47] EDIT 5CHAN/views/default/index.html: 0
[2018-01-12 10:31:14] EDIT 5CHAN/controllers/default.py: 0
[2018-01-12 10:32:01] EDIT 5CHAN/models/db_forum.py: 0
[2018-01-12 10:32:06] EDIT 5CHAN/controllers/default.py: 0
[2018-01-12 10:33:01] EDIT 5CHAN/controllers/default.py: 0
[2018-01-12 10:33:05] EDIT 5CHAN/controllers/default.py: 0
[2018-01-12 10:33:14] EDIT 5CHAN/controllers/default.py: 0
[2018-01-12 10:33:31] EDIT 5CHAN/views/default/create_post.html: 1
[2018-01-12 10:34:12] EDIT 5CHAN/controllers/default.py: 1
[2018-01-12 10:38:48] EDIT 5CHAN/views/default/index.html: 9
[2018-01-12 10:39:14] EDIT 5CHAN/views/default/index.html: 0
[2018-01-12 10:39:32] EDIT 5CHAN/views/default/index.html: 0
[2018-01-12 10:40:28] EDIT 5CHAN/controllers/default.py: 0
[2018-01-12 10:41:04] EDIT 5CHAN/controllers/default.py: 1
[2018-01-12 10:41:28] EDIT 5CHAN/controllers/default.py: 0
[2018-01-12 10:41:43] EDIT 5CHAN/views/default/index.html: 0
[2018-01-12 10:41:56] EDIT 5CHAN/views/default/index.html: 1
[2018-01-12 10:42:04] EDIT 5CHAN/views/default/index.html: 0
[2018-01-12 10:43:15] EDIT 5CHAN/views/default/create_post.html: -1
[2018-01-12 10:45:58] EDIT 5CHAN/controllers/default.py: 1
[2018-01-12 10:46:08] EDIT 5CHAN/views/default/create_post.html: 1
[2018-01-12 10:46:27] EDIT 5CHAN/controllers/default.py: 0
[2018-01-12 10:47:23] EDIT 5CHAN/views/default/index.html: 0
[2018-01-12 10:49:31] EDIT 5CHAN/views/default/index.html: 0
[2018-01-12 10:50:30] EDIT 5CHAN/views/default/index.html: 0
[2018-01-12 10:50:41] EDIT 5CHAN/views/default/index.html: 0
[2018-01-12 10:50:52] EDIT 5CHAN/views/default/index.html: 0
[2018-01-12 10:51:07] EDIT 5CHAN/views/default/index.html: 0
[2018-01-12 10:51:33] EDIT 5CHAN/views/default/index.html: 0
[2018-01-12 10:51:44] EDIT 5CHAN/views/default/index.html: 0
[2018-01-12 10:52:02] EDIT 5CHAN/views/default/index.html: 0
[2018-01-12 10:52:22] EDIT 5CHAN/views/default/index.html: 0
[2018-01-12 10:52:39] EDIT 5CHAN/views/default/index.html: 0
[2018-01-12 10:52:50] EDIT 5CHAN/views/default/index.html: 0
[2018-01-12 10:52:55] EDIT 5CHAN/views/default/index.html: -1
[2018-01-12 10:53:15] EDIT 5CHAN/views/default/index.html: 0
[2018-01-12 10:53:49] EDIT 5CHAN/views/default/index.html: 1
[2018-01-12 10:54:09] EDIT 5CHAN/views/default/index.html: 0
[2018-01-12 10:54:13] EDIT 5CHAN/views/default/index.html: 0
[2018-01-12 10:54:24] EDIT 5CHAN/views/default/index.html: 0
[2018-01-12 10:54:50] EDIT 5CHAN/views/default/index.html: 1
[2018-01-12 10:55:43] EDIT 5CHAN/controllers/default.py: 2
[2018-01-12 10:56:23] EDIT 5CHAN/controllers/default.py: 1
[2018-01-12 10:56:57] EDIT 5CHAN/controllers/default.py: 1
[2018-01-12 11:00:15] EDIT 5CHAN/views/default/index.html: -2
[2018-01-12 11:02:36] EDIT 5CHAN/controllers/default.py: 0
[2018-01-12 11:02:45] EDIT 5CHAN/views/default/index.html: 1
[2018-01-12 11:20:49] EDIT 5CHAN/controllers/default.py: 0
[2018-01-12 11:21:08] EDIT 5CHAN/controllers/default.py: 0
[2018-01-12 11:22:04] EDIT 5CHAN/controllers/default.py: 0
[2018-01-12 11:23:47] EDIT 5CHAN/controllers/default.py: 1
[2018-01-12 11:24:08] EDIT 5CHAN/controllers/default.py: -1
[2018-01-12 11:28:51] EDIT 5CHAN/views/default/index.html: 1
[2018-01-12 11:29:32] EDIT 5CHAN/views/default/index.html: 0
[2018-01-12 11:31:14] EDIT 5CHAN/controllers/default.py: 4
[2018-01-12 11:31:19] EDIT 5CHAN/controllers/default.py: 0
[2018-01-12 11:31:35] EDIT 5CHAN/controllers/default.py: 1
[2018-01-12 11:31:46] CREATE default/update_post.html: 0
[2018-01-12 11:31:55] EDIT 5CHAN/views/default/update_post.html: 1
[2018-01-12 11:32:16] EDIT 5CHAN/controllers/default.py: 1
[2018-01-12 11:32:18] EDIT 5CHAN/controllers/default.py: 0
[2018-01-12 11:32:36] EDIT 5CHAN/controllers/default.py: 0
[2018-01-12 11:33:38] EDIT 5CHAN/controllers/default.py: 0
[2018-01-12 11:35:20] EDIT 5CHAN/views/default/index.html: 0
[2018-01-12 11:35:34] EDIT 5CHAN/controllers/default.py: -1
[2018-01-12 11:35:55] EDIT 5CHAN/controllers/default.py: 1
[2018-01-12 11:38:25] EDIT 5CHAN/controllers/default.py: 1
[2018-01-12 11:38:29] EDIT 5CHAN/controllers/default.py: 0
[2018-01-12 11:38:59] EDIT 5CHAN/controllers/default.py: -1
[2018-01-12 11:42:06] EDIT 5CHAN/controllers/default.py: 0
[2018-01-12 11:42:10] EDIT 5CHAN/controllers/default.py: 0
[2018-01-12 11:42:10] EDIT 5CHAN/controllers/default.py: 0
[2018-01-12 11:42:11] EDIT 5CHAN/controllers/default.py: 0
[2018-01-12 11:42:17] EDIT 5CHAN/controllers/default.py: 0
[2018-01-12 11:42:26] EDIT 5CHAN/controllers/default.py: 0
[2018-01-12 11:42:30] EDIT 5CHAN/controllers/default.py: 0
[2018-01-12 11:42:30] EDIT 5CHAN/controllers/default.py: 0
[2018-01-12 11:42:30] EDIT 5CHAN/controllers/default.py: 0
[2018-01-12 11:43:26] EDIT 5CHAN/controllers/default.py: 0
[2018-01-12 11:44:59] EDIT 5CHAN/views/default/index.html: 1
[2018-01-12 11:45:03] EDIT 5CHAN/views/default/index.html: 0
[2018-01-12 11:45:24] EDIT 5CHAN/views/default/index.html: 0
[2018-01-12 11:45:39] EDIT 5CHAN/controllers/default.py: 4
[2018-01-12 11:45:59] EDIT 5CHAN/controllers/default.py: 0
[2018-01-12 11:46:30] EDIT 5CHAN/views/default/index.html: 0
[2018-01-12 11:46:37] EDIT 5CHAN/controllers/default.py: 0
[2018-01-12 11:48:42] EDIT 5CHAN/controllers/default.py: 0
[2018-01-12 11:50:01] EDIT 5CHAN/controllers/default.py: 2
[2018-01-12 11:51:17] EDIT 5CHAN/views/default/index.html: 0
[2018-01-12 11:51:32] EDIT 5CHAN/views/default/index.html: 0
[2018-01-12 11:51:50] EDIT 5CHAN/controllers/default.py: 0
[2018-01-12 11:51:53] EDIT 5CHAN/controllers/default.py: 0
[2018-01-12 11:52:08] EDIT 5CHAN/controllers/default.py: 0
[2018-01-12 11:52:35] EDIT 5CHAN/controllers/default.py: 1
[2018-01-12 11:55:57] EDIT 5CHAN/controllers/default.py: 0
[2018-01-12 11:58:17] EDIT 5CHAN/controllers/default.py: 1
[2018-01-12 12:00:19] EDIT 5CHAN/controllers/default.py: -1
[2018-01-12 12:01:25] EDIT 5CHAN/views/default/index.html: 0
[2018-01-12 12:01:39] EDIT 5CHAN/controllers/default.py: 1
[2018-01-12 12:01:41] EDIT 5CHAN/controllers/default.py: 0
