\BOOKMARK [1][-]{section.1}{Aufgabenstellung}{}% 1
\BOOKMARK [2][-]{subsection.1.1}{Grundanforderungen\(70\045\)}{section.1}% 2
\BOOKMARK [2][-]{subsection.1.2}{Erweiterungen\(30\045\)}{section.1}% 3
\BOOKMARK [2][-]{subsection.1.3}{Abgabe}{section.1}% 4
\BOOKMARK [1][-]{section.2}{Installation}{}% 5
\BOOKMARK [1][-]{section.3}{Generell web2py}{}% 6
\BOOKMARK [2][-]{subsection.3.1}{Aufbau}{section.3}% 7
\BOOKMARK [2][-]{subsection.3.2}{Model}{section.3}% 8
\BOOKMARK [2][-]{subsection.3.3}{Controller}{section.3}% 9
\BOOKMARK [2][-]{subsection.3.4}{View}{section.3}% 10
\BOOKMARK [1][-]{section.4}{Anwendungsfall}{}% 11
\BOOKMARK [2][-]{subsection.4.1}{Datenbank\(Model\)}{section.4}% 12
\BOOKMARK [3][-]{subsubsection.4.1.1}{Modellierung}{subsection.4.1}% 13
\BOOKMARK [3][-]{subsubsection.4.1.2}{Umsetzung}{subsection.4.1}% 14
\BOOKMARK [2][-]{subsection.4.2}{Controller}{section.4}% 15
\BOOKMARK [2][-]{subsection.4.3}{View}{section.4}% 16
\BOOKMARK [1][-]{section.5}{Ergebnisse}{}% 17
\BOOKMARK [1][-]{section.6}{Probleme}{}% 18
\BOOKMARK [2][-]{subsection.6.1}{Anfangs \374berw\344ltigend}{section.6}% 19
\BOOKMARK [2][-]{subsection.6.2}{Seite neu laden}{section.6}% 20
